<?xml version="1.0" encoding="UTF-8"?>
<!-- Generated by org.testng.reporters.JUnitReportReporter -->
<testsuite skipped="0" hostname="aman" name="testClasses.TestAnnotation" tests="3" failures="0" timestamp="05 Apr 2019 09:13:11 GMT" time="0.070" errors="0">
  <testcase name="testMethod2" time="0.011" classname="testClasses.TestAnnotation"/>
  <testcase name="testMethod1" time="0.049" classname="testClasses.TestAnnotation"/>
  <testcase name="testMethod3" time="0.010" classname="testClasses.TestAnnotation"/>
</testsuite> <!-- testClasses.TestAnnotation -->
