<?xml version="1.0" encoding="UTF-8"?>
<!-- Generated by org.testng.reporters.JUnitReportReporter -->
<testsuite skipped="0" hostname="aman" name="testClasses.TestNG_BeforeClassAnnotation" tests="2" failures="0" timestamp="05 Apr 2019 19:25:58 GMT" time="0.030" errors="0">
  <testcase name="testMethod1" time="0.016" classname="testClasses.TestNG_BeforeClassAnnotation"/>
  <testcase name="testMethod2" time="0.014" classname="testClasses.TestNG_BeforeClassAnnotation"/>
</testsuite> <!-- testClasses.TestNG_BeforeClassAnnotation -->
