<?xml version="1.0" encoding="UTF-8"?>
<!-- Generated by org.testng.reporters.JUnitReportReporter -->
<testsuite skipped="0" hostname="aman" name="regressionsuite.TestNG_TestClass2" tests="2" failures="0" timestamp="05 Apr 2019 20:19:40 GMT" time="0.010" errors="0">
  <testcase name="testMethod2" time="0.006" classname="regressionsuite.TestNG_TestClass2"/>
  <testcase name="testMethod1" time="0.004" classname="regressionsuite.TestNG_TestClass2"/>
</testsuite> <!-- regressionsuite.TestNG_TestClass2 -->
