<?xml version="1.0" encoding="UTF-8"?>
<!-- Generated by org.testng.reporters.JUnitReportReporter -->
<testsuite skipped="0" hostname="aman" name="testClasses.TestNG_Grouping" tests="2" failures="0" timestamp="08 Apr 2019 17:36:46 GMT" time="0.016" errors="0">
  <testcase name="testAudi6" time="0.016" classname="testClasses.TestNG_Grouping"/>
  <testcase name="testBMWX6" time="0.000" classname="testClasses.TestNG_Grouping"/>
</testsuite> <!-- testClasses.TestNG_Grouping -->
