<?xml version="1.0" encoding="UTF-8"?>
<!-- Generated by org.testng.reporters.JUnitReportReporter -->
<testsuite skipped="0" hostname="aman" name="testClasses.TestNG_Asserts" tests="3" failures="0" timestamp="05 Apr 2019 11:34:49 GMT" time="0.037" errors="0">
  <testcase name="testMethod1" time="0.029" classname="testClasses.TestNG_Asserts"/>
  <testcase name="testMethod3" time="0.003" classname="testClasses.TestNG_Asserts"/>
  <testcase name="testMethod2" time="0.005" classname="testClasses.TestNG_Asserts"/>
</testsuite> <!-- testClasses.TestNG_Asserts -->
