<?xml version="1.0" encoding="UTF-8"?>
<!-- Generated by org.testng.reporters.JUnitReportReporter -->
<testsuite skipped="0" hostname="aman" name="testClasses.TestNG_Grouping" tests="2" failures="0" timestamp="08 Apr 2019 17:10:53 GMT" time="0.025" errors="0">
  <testcase name="testHondaCBR" time="0.016" classname="testClasses.TestNG_Grouping"/>
  <testcase name="testNinja" time="0.009" classname="testClasses.TestNG_Grouping"/>
</testsuite> <!-- testClasses.TestNG_Grouping -->
