<?xml version="1.0" encoding="UTF-8"?>
<!-- Generated by org.testng.reporters.JUnitReportReporter -->
<testsuite skipped="0" hostname="aman" name="testClasses.TestAnnotation" tests="3" failures="0" timestamp="06 Apr 2019 03:56:28 GMT" time="0.019" errors="0">
  <testcase name="testMethod3" time="0.004" classname="testClasses.TestAnnotation"/>
  <testcase name="testMethod1" time="0.009" classname="testClasses.TestAnnotation"/>
  <testcase name="testMethod2" time="0.006" classname="testClasses.TestAnnotation"/>
</testsuite> <!-- testClasses.TestAnnotation -->
