<?xml version="1.0" encoding="UTF-8"?>
<!-- Generated by org.testng.reporters.JUnitReportReporter -->
<testsuite skipped="0" hostname="aman" name="testClasses.TestNG_Priority" tests="2" failures="0" timestamp="06 Apr 2019 04:27:42 GMT" time="0.017" errors="0">
  <testcase name="testMethod2" time="0.013" classname="testClasses.TestNG_Priority"/>
  <testcase name="testMethod1" time="0.004" classname="testClasses.TestNG_Priority"/>
</testsuite> <!-- testClasses.TestNG_Priority -->
