<?xml version="1.0" encoding="UTF-8"?>
<!-- Generated by org.testng.reporters.JUnitReportReporter -->
<testsuite skipped="0" hostname="aman" name="testClasses.TestNG_TestClass2" tests="2" failures="0" timestamp="05 Apr 2019 19:59:14 GMT" time="0.010" errors="0">
  <testcase name="testMethod1" time="0.003" classname="testClasses.TestNG_TestClass2"/>
  <testcase name="testMethod2" time="0.007" classname="testClasses.TestNG_TestClass2"/>
</testsuite> <!-- testClasses.TestNG_TestClass2 -->
