<?xml version="1.0" encoding="UTF-8"?>
<!-- Generated by org.testng.reporters.JUnitReportReporter -->
<testsuite skipped="0" hostname="aman" name="testClasses.TestNG_DataProviders" tests="3" failures="0" timestamp="09 Apr 2019 18:58:40 GMT" time="0.010" errors="0">
  <testcase name="testMethod1" time="0.000" classname="testClasses.TestNG_DataProviders"/>
  <testcase name="testMethod1" time="0.000" classname="testClasses.TestNG_DataProviders"/>
  <testcase name="testMethod1" time="0.010" classname="testClasses.TestNG_DataProviders"/>
</testsuite> <!-- testClasses.TestNG_DataProviders -->
