<?xml version="1.0" encoding="UTF-8"?>
<!-- Generated by org.testng.reporters.JUnitReportReporter -->
<testsuite skipped="0" hostname="aman" name="testClasses.TestNG_BeforeClassAnnotation" tests="2" failures="0" timestamp="05 Apr 2019 19:20:06 GMT" time="0.040" errors="0">
  <testcase name="testMethod2" time="0.023" classname="testClasses.TestNG_BeforeClassAnnotation"/>
  <testcase name="testMethod1" time="0.017" classname="testClasses.TestNG_BeforeClassAnnotation"/>
</testsuite> <!-- testClasses.TestNG_BeforeClassAnnotation -->
