<?xml version="1.0" encoding="UTF-8"?>
<!-- Generated by org.testng.reporters.JUnitReportReporter -->
<testsuite skipped="0" hostname="aman" name="testClasses.TestNG_TestClass1" tests="2" failures="0" timestamp="05 Apr 2019 19:59:14 GMT" time="0.022" errors="0">
  <testcase name="testMethod2" time="0.008" classname="testClasses.TestNG_TestClass1"/>
  <testcase name="testMethod1" time="0.014" classname="testClasses.TestNG_TestClass1"/>
</testsuite> <!-- testClasses.TestNG_TestClass1 -->
